Using pre-set license
Built from '2022.3/staging' branch; Version is '2022.3.23f1 (dbb3f7c5b5c6) revision 14398455'; Using compiler version '192829333'; Build Type 'Release'
OS: 'Windows 10  (10.0.19045) 64bit Core' Language: 'es' Physical Memory: 3895 MB
BatchMode: 1, IsHumanControllingUs: 0, StartBugReporterOnCrash: 0, Is64bit: 1, IsPro: 1

COMMAND LINE ARGUMENTS:
C:\Program Files\Unity\Hub\Editor\2022.3.23f1\Editor\Unity.exe
-adb2
-batchMode
-noUpm
-name
AssetImportWorker1
-projectPath
E:/SENATI/proyecto unity/Proyecto3D
-logFile
Logs/AssetImportWorker1.log
-srvPort
61415
Successfully changed project path to: E:/SENATI/proyecto unity/Proyecto3D
E:/SENATI/proyecto unity/Proyecto3D
[UnityMemory] Configuration Parameters - Can be set up in boot.config
    "memorysetup-bucket-allocator-granularity=16"
    "memorysetup-bucket-allocator-bucket-count=8"
    "memorysetup-bucket-allocator-block-size=33554432"
    "memorysetup-bucket-allocator-block-count=8"
    "memorysetup-main-allocator-block-size=16777216"
    "memorysetup-thread-allocator-block-size=16777216"
    "memorysetup-gfx-main-allocator-block-size=16777216"
    "memorysetup-gfx-thread-allocator-block-size=16777216"
    "memorysetup-cache-allocator-block-size=4194304"
    "memorysetup-typetree-allocator-block-size=2097152"
    "memorysetup-profiler-bucket-allocator-granularity=16"
    "memorysetup-profiler-bucket-allocator-bucket-count=8"
    "memorysetup-profiler-bucket-allocator-block-size=33554432"
    "memorysetup-profiler-bucket-allocator-block-count=8"
    "memorysetup-profiler-allocator-block-size=16777216"
    "memorysetup-profiler-editor-allocator-block-size=1048576"
    "memorysetup-temp-allocator-size-main=16777216"
    "memorysetup-job-temp-allocator-block-size=2097152"
    "memorysetup-job-temp-allocator-block-size-background=1048576"
    "memorysetup-job-temp-allocator-reduction-small-platforms=262144"
    "memorysetup-allocator-temp-initial-block-size-main=262144"
    "memorysetup-allocator-temp-initial-block-size-worker=262144"
    "memorysetup-temp-allocator-size-background-worker=32768"
    "memorysetup-temp-allocator-size-job-worker=262144"
    "memorysetup-temp-allocator-size-preload-manager=33554432"
    "memorysetup-temp-allocator-size-nav-mesh-worker=65536"
    "memorysetup-temp-allocator-size-audio-worker=65536"
    "memorysetup-temp-allocator-size-cloud-worker=32768"
    "memorysetup-temp-allocator-size-gi-baking-worker=262144"
    "memorysetup-temp-allocator-size-gfx=262144"
Player connection [6236] Host "[IP] 192.168.1.4 [Port] 0 [Flags] 2 [Guid] 2878210542 [EditorId] 2878210542 [Version] 1048832 [Id] WindowsEditor(7,LAPTOP-R5V7G8NV) [Debug] 1 [PackageName] WindowsEditor [ProjectName] Editor" joined multi-casting on [225.0.0.222:54997]...

Player connection [6236] Host "[IP] 192.168.1.4 [Port] 0 [Flags] 2 [Guid] 2878210542 [EditorId] 2878210542 [Version] 1048832 [Id] WindowsEditor(7,LAPTOP-R5V7G8NV) [Debug] 1 [PackageName] WindowsEditor [ProjectName] Editor" joined alternative multi-casting on [225.0.0.222:34997]...

[Physics::Module] Initialized MultithreadedJobDispatcher with 3 workers.
Refreshing native plugins compatible for Editor in 467.11 ms, found 3 plugins.
Preloading 0 native plugins for Editor in 0.00 ms.
Initialize engine version: 2022.3.23f1 (dbb3f7c5b5c6)
[Subsystems] Discovering subsystems at path C:/Program Files/Unity/Hub/Editor/2022.3.23f1/Editor/Data/Resources/UnitySubsystems
[Subsystems] Discovering subsystems at path E:/SENATI/proyecto unity/Proyecto3D/Assets
GfxDevice: creating device client; threaded=0; jobified=0
Direct3D:
    Version:  Direct3D 11.0 [level 11.1]
    Renderer: Intel(R) UHD Graphics (ID=0x9a78)
    Vendor:   Intel
    VRAM:     1947 MB
    Driver:   30.0.101.1692
Initialize mono
Mono path[0] = 'C:/Program Files/Unity/Hub/Editor/2022.3.23f1/Editor/Data/Managed'
Mono path[1] = 'C:/Program Files/Unity/Hub/Editor/2022.3.23f1/Editor/Data/MonoBleedingEdge/lib/mono/unityjit-win32'
Mono config path = 'C:/Program Files/Unity/Hub/Editor/2022.3.23f1/Editor/Data/MonoBleedingEdge/etc'
Using monoOptions --debugger-agent=transport=dt_socket,embedding=1,server=y,suspend=n,address=127.0.0.1:56748
Begin MonoManager ReloadAssembly
Registering precompiled unity dll's ...
Register platform support module: C:/Program Files/Unity/Hub/Editor/2022.3.23f1/Editor/Data/PlaybackEngines/WebGLSupport/UnityEditor.WebGL.Extensions.dll
Register platform support module: C:/Program Files/Unity/Hub/Editor/2022.3.23f1/Editor/Data/PlaybackEngines/WindowsStandaloneSupport/UnityEditor.WindowsStandalone.Extensions.dll
Registered in 0.093157 seconds.
- Loaded All Assemblies, in  8.680 seconds
Native extension for WindowsStandalone target not found
Native extension for WebGL target not found
Mono: successfully reloaded assembly
- Finished resetting the current domain, in  3.918 seconds
Domain Reload Profiling: 12590ms
	BeginReloadAssembly (3554ms)
		ExecutionOrderSort (1ms)
		DisableScriptedObjects (0ms)
		BackupInstance (0ms)
		ReleaseScriptingObjects (0ms)
		CreateAndSetChildDomain (8ms)
	RebuildCommonClasses (617ms)
	RebuildNativeTypeToScriptingClass (59ms)
	initialDomainReloadingComplete (890ms)
	LoadAllAssembliesAndSetupDomain (3550ms)
		LoadAssemblies (3527ms)
		RebuildTransferFunctionScriptingTraits (0ms)
		AnalyzeDomain (3536ms)
			TypeCache.Refresh (3527ms)
				TypeCache.ScanAssembly (3460ms)
			ScanForSourceGeneratedMonoScriptInfo (2ms)
			ResolveRequiredComponents (4ms)
	FinalizeReload (3921ms)
		ReleaseScriptCaches (0ms)
		RebuildScriptCaches (0ms)
		SetupLoadedEditorAssemblies (3026ms)
			LogAssemblyErrors (0ms)
			InitializePlatformSupportModulesInManaged (226ms)
			SetLoadedEditorAssemblies (51ms)
			RefreshPlugins (0ms)
			BeforeProcessingInitializeOnLoad (47ms)
			ProcessInitializeOnLoadAttributes (1835ms)
			ProcessInitializeOnLoadMethodAttributes (861ms)
			AfterProcessingInitializeOnLoad (4ms)
			EditorAssembliesLoaded (2ms)
		ExecutionOrderSort2 (0ms)
		AwakeInstancesAfterBackupRestoration (0ms)
========================================================================
Worker process is ready to serve import requests
Begin MonoManager ReloadAssembly
- Loaded All Assemblies, in  8.192 seconds
Refreshing native plugins compatible for Editor in 70.97 ms, found 3 plugins.
Native extension for WindowsStandalone target not found
Native extension for WebGL target not found
Package Manager log level set to [2]
[Package Manager] Server::EnsureServerProcessIsRunning -- launch failed, reason: Unity was launched with the -noUpm command-line argument
[Package Manager] UpmClient::Send -- Unable to send message (not connected to UPM process).
[Package Manager] Cannot connect to Unity Package Manager local server
Mono: successfully reloaded assembly
- Finished resetting the current domain, in  3.692 seconds
Domain Reload Profiling: 11987ms
	BeginReloadAssembly (1263ms)
		ExecutionOrderSort (0ms)
		DisableScriptedObjects (65ms)
		BackupInstance (0ms)
		ReleaseScriptingObjects (2ms)
		CreateAndSetChildDomain (208ms)
	RebuildCommonClasses (153ms)
	RebuildNativeTypeToScriptingClass (67ms)
	initialDomainReloadingComplete (403ms)
	LoadAllAssembliesAndSetupDomain (6407ms)
		LoadAssemblies (3851ms)
		RebuildTransferFunctionScriptingTraits (0ms)
		AnalyzeDomain (1295ms)
			TypeCache.Refresh (1176ms)
				TypeCache.ScanAssembly (849ms)
			ScanForSourceGeneratedMonoScriptInfo (89ms)
			ResolveRequiredComponents (25ms)
	FinalizeReload (3694ms)
		ReleaseScriptCaches (0ms)
		RebuildScriptCaches (0ms)
		SetupLoadedEditorAssemblies (2629ms)
			LogAssemblyErrors (0ms)
			InitializePlatformSupportModulesInManaged (49ms)
			SetLoadedEditorAssemblies (10ms)
			RefreshPlugins (0ms)
			BeforeProcessingInitializeOnLoad (258ms)
			ProcessInitializeOnLoadAttributes (2175ms)
			ProcessInitializeOnLoadMethodAttributes (97ms)
			AfterProcessingInitializeOnLoad (38ms)
			EditorAssembliesLoaded (2ms)
		ExecutionOrderSort2 (0ms)
		AwakeInstancesAfterBackupRestoration (174ms)
Launched and connected shader compiler UnityShaderCompiler.exe after 0.26 seconds
Refreshing native plugins compatible for Editor in 28.44 ms, found 3 plugins.
Preloading 0 native plugins for Editor in 0.00 ms.
Unloading 3096 Unused Serialized files (Serialized files now loaded: 0)
Unloading 32 unused Assets / (57.4 KB). Loaded Objects now: 3567.
Memory consumption went from 125.2 MB to 125.1 MB.
Total: 110.856100 ms (FindLiveObjects: 6.038200 ms CreateObjectMapping: 0.592600 ms MarkObjects: 97.438900 ms  DeleteObjects: 6.783000 ms)

AssetImportParameters requested are different than current active one (requested -> active):
  custom:container-demuxer-ogg: 62fdf1f143b41e24485cea50d1cbac27 -> 
  custom:video-codec-MediaFoundation-h265: 746d11721c4dcdbdad8f713fa42b33f4 -> 
  custom:video-decoder-ogg-theora: a1e56fd34408186e4bbccfd4996cb3dc -> 
  custom:framework-win-MediaFoundation: 216162199b28c13a410421893ffa2e32 -> 
  custom:CustomObjectIndexerAttribute: 9a22284fe3817be447336de3de66b15e -> 
  custom:container-demuxer-webm: 4f35f7cbe854078d1ac9338744f61a02 -> 
  custom:container-muxer-webm: aa71ff27fc2769a1b78a27578f13a17b -> 
  custom:video-decoder-webm-vp8: 9c59270c3fd7afecdb556c50c9e8de78 -> 
  custom:SearchIndexIgnoredProperties: e643bd26f0fe6173181afceb89e7c659 -> 
  custom:AudioImporter_EditorPlatform: d09bf68614088b80899f8185d706f6e7 -> 
  custom:video-encoder-webm-vp8: eb34c28f22e8b96e1ab97ce403110664 -> 
  custom:audio-decoder-ogg-vorbis: bf7c407c2cedff20999df2af8eb42d56 -> 
  custom:audio-encoder-webm-vorbis: bf7c407c2cedff20999df2af8eb42d56 -> 
========================================================================
Received Import Request.
  Time since last request: 15045.463139 seconds.
  path: Assets/Objetos/Bench_LowRes.obj
  artifactKey: Guid(3f355b9b522f38141b5bb259d619f8f3) Importer(815301076,1909f56bfc062723c751e8b465ee728b)
Start importing Assets/Objetos/Bench_LowRes.obj using Guid(3f355b9b522f38141b5bb259d619f8f3) Importer(815301076,1909f56bfc062723c751e8b465ee728b)  -> (artifact id: 'f389592e4fc72d5fc468e3061a85532b') in 7.200548 seconds
Number of updated asset objects reloaded before import = 0
Number of asset objects unloaded after import = 10
========================================================================
Received Import Request.
  Time since last request: 354.920367 seconds.
  path: Assets/Material/Material 2.mat
  artifactKey: Guid(64cd6fe9764d50443a5e7c22a31f1501) Importer(815301076,1909f56bfc062723c751e8b465ee728b)
Start importing Assets/Material/Material 2.mat using Guid(64cd6fe9764d50443a5e7c22a31f1501) Importer(815301076,1909f56bfc062723c751e8b465ee728b)  -> (artifact id: '876ff15ebf42e45a8010a3f379ebc99c') in 0.635780 seconds
Number of updated asset objects reloaded before import = 0
Number of asset objects unloaded after import = 1
========================================================================
Received Prepare
Begin MonoManager ReloadAssembly
- Loaded All Assemblies, in  9.655 seconds
Refreshing native plugins compatible for Editor in 112.14 ms, found 3 plugins.
Native extension for WindowsStandalone target not found
Native extension for WebGL target not found
[Package Manager] Server::EnsureServerProcessIsRunning -- launch failed, reason: Unity was launched with the -noUpm command-line argument
[Package Manager] UpmClient::Send -- Unable to send message (not connected to UPM process).
[Package Manager] Cannot connect to Unity Package Manager local server
Mono: successfully reloaded assembly
- Finished resetting the current domain, in 33.497 seconds
Domain Reload Profiling: 43185ms
	BeginReloadAssembly (4891ms)
		ExecutionOrderSort (1ms)
		DisableScriptedObjects (61ms)
		BackupInstance (0ms)
		ReleaseScriptingObjects (2ms)
		CreateAndSetChildDomain (2587ms)
	RebuildCommonClasses (225ms)
	RebuildNativeTypeToScriptingClass (25ms)
	initialDomainReloadingComplete (313ms)
	LoadAllAssembliesAndSetupDomain (4231ms)
		LoadAssemblies (5350ms)
		RebuildTransferFunctionScriptingTraits (0ms)
		AnalyzeDomain (121ms)
			TypeCache.Refresh (92ms)
				TypeCache.ScanAssembly (0ms)
			ScanForSourceGeneratedMonoScriptInfo (2ms)
			ResolveRequiredComponents (25ms)
	FinalizeReload (33499ms)
		ReleaseScriptCaches (0ms)
		RebuildScriptCaches (0ms)
		SetupLoadedEditorAssemblies (1413ms)
			LogAssemblyErrors (0ms)
			InitializePlatformSupportModulesInManaged (23ms)
			SetLoadedEditorAssemblies (15ms)
			RefreshPlugins (0ms)
			BeforeProcessingInitializeOnLoad (445ms)
			ProcessInitializeOnLoadAttributes (877ms)
			ProcessInitializeOnLoadMethodAttributes (41ms)
			AfterProcessingInitializeOnLoad (12ms)
			EditorAssembliesLoaded (2ms)
		ExecutionOrderSort2 (0ms)
		AwakeInstancesAfterBackupRestoration (14ms)
Refreshing native plugins compatible for Editor in 28.48 ms, found 3 plugins.
Preloading 0 native plugins for Editor in 0.00 ms.
Unloading 3088 Unused Serialized files (Serialized files now loaded: 0)
Unloading 23 unused Assets / (31.1 KB). Loaded Objects now: 3614.
Memory consumption went from 130.8 MB to 130.7 MB.
Total: 10.677800 ms (FindLiveObjects: 1.322900 ms CreateObjectMapping: 0.194700 ms MarkObjects: 8.769700 ms  DeleteObjects: 0.388500 ms)

Prepare: number of updated asset objects reloaded= 0
AssetImportParameters requested are different than current active one (requested -> active):
  custom:container-demuxer-ogg: 62fdf1f143b41e24485cea50d1cbac27 -> 
  custom:video-codec-MediaFoundation-h265: 746d11721c4dcdbdad8f713fa42b33f4 -> 
  custom:video-decoder-ogg-theora: a1e56fd34408186e4bbccfd4996cb3dc -> 
  custom:framework-win-MediaFoundation: 216162199b28c13a410421893ffa2e32 -> 
  custom:CustomObjectIndexerAttribute: 9a22284fe3817be447336de3de66b15e -> 
  custom:container-demuxer-webm: 4f35f7cbe854078d1ac9338744f61a02 -> 
  custom:container-muxer-webm: aa71ff27fc2769a1b78a27578f13a17b -> 
  custom:video-decoder-webm-vp8: 9c59270c3fd7afecdb556c50c9e8de78 -> 
  custom:SearchIndexIgnoredProperties: e643bd26f0fe6173181afceb89e7c659 -> 
  custom:AudioImporter_EditorPlatform: d09bf68614088b80899f8185d706f6e7 -> 
  custom:video-encoder-webm-vp8: eb34c28f22e8b96e1ab97ce403110664 -> 
  custom:audio-decoder-ogg-vorbis: bf7c407c2cedff20999df2af8eb42d56 -> 
  custom:audio-encoder-webm-vorbis: bf7c407c2cedff20999df2af8eb42d56 -> 
========================================================================
Received Import Request.
  Time since last request: 2066.381864 seconds.
  path: Assets/Objetos/56.jpg
  artifactKey: Guid(f6a1ddcd994f21344a475e376740e682) Importer(815301076,1909f56bfc062723c751e8b465ee728b)
Start importing Assets/Objetos/56.jpg using Guid(f6a1ddcd994f21344a475e376740e682) Importer(815301076,1909f56bfc062723c751e8b465ee728b)  -> (artifact id: 'bcf317af335c863e52ef53a7d99f3de1') in 2.581417 seconds
Number of updated asset objects reloaded before import = 0
Number of asset objects unloaded after import = 2
========================================================================
Received Import Request.
  Time since last request: 0.006875 seconds.
  path: Assets/Objetos/Large House persp.png
  artifactKey: Guid(e3d555d6b59eec64aad96a803c9021be) Importer(815301076,1909f56bfc062723c751e8b465ee728b)
Start importing Assets/Objetos/Large House persp.png using Guid(e3d555d6b59eec64aad96a803c9021be) Importer(815301076,1909f56bfc062723c751e8b465ee728b)  -> (artifact id: '2c3f5b82f342c367725998cca1869cbd') in 0.776203 seconds
Number of updated asset objects reloaded before import = 0
Number of asset objects unloaded after import = 2
========================================================================
Received Import Request.
  Time since last request: 0.000047 seconds.
  path: Assets/Objetos/Pavimento.png
  artifactKey: Guid(c5ff67ef0b110eb40bbf56a4b2c59820) Importer(815301076,1909f56bfc062723c751e8b465ee728b)
Start importing Assets/Objetos/Pavimento.png using Guid(c5ff67ef0b110eb40bbf56a4b2c59820) Importer(815301076,1909f56bfc062723c751e8b465ee728b)  -> (artifact id: '34512bccc28688aaf8ff917a0dad1b27') in 0.468349 seconds
Number of updated asset objects reloaded before import = 0
Number of asset objects unloaded after import = 2
========================================================================
Received Import Request.
  Time since last request: 0.000037 seconds.
  path: Assets/Objetos/ParkFountainCanopy-02.jpg
  artifactKey: Guid(ad9fbf61de629954fb5c49db8ba044f3) Importer(815301076,1909f56bfc062723c751e8b465ee728b)
Start importing Assets/Objetos/ParkFountainCanopy-02.jpg using Guid(ad9fbf61de629954fb5c49db8ba044f3) Importer(815301076,1909f56bfc062723c751e8b465ee728b)  -> (artifact id: '20036d2939f57ec844b1375037a81b8c') in 0.591983 seconds
Number of updated asset objects reloaded before import = 0
Number of asset objects unloaded after import = 2
========================================================================
Received Import Request.
  Time since last request: 0.000058 seconds.
  path: Assets/Objetos/Large House.png
  artifactKey: Guid(439d57143dcd8744e9e62ada790357d5) Importer(815301076,1909f56bfc062723c751e8b465ee728b)
Start importing Assets/Objetos/Large House.png using Guid(439d57143dcd8744e9e62ada790357d5) Importer(815301076,1909f56bfc062723c751e8b465ee728b)  -> (artifact id: 'dc7036ae21dd4e93628c4a740f07b36b') in 0.189949 seconds
Number of updated asset objects reloaded before import = 0
Number of asset objects unloaded after import = 2
========================================================================
Received Import Request.
  Time since last request: 0.000043 seconds.
  path: Assets/Objetos/Transluc.jpg
  artifactKey: Guid(c712fa1057965604db351e041eeb2a75) Importer(815301076,1909f56bfc062723c751e8b465ee728b)
Start importing Assets/Objetos/Transluc.jpg using Guid(c712fa1057965604db351e041eeb2a75) Importer(815301076,1909f56bfc062723c751e8b465ee728b)  -> (artifact id: 'ab2e8108c1dee56f1a30be5b9d610c9f') in 0.226235 seconds
Number of updated asset objects reloaded before import = 0
Number of asset objects unloaded after import = 2
========================================================================
Received Import Request.
  Time since last request: 0.000898 seconds.
  path: Assets/Objetos/Pavimento 1.jpg
  artifactKey: Guid(740fef25c70bad64dafa88efd1f317fb) Importer(815301076,1909f56bfc062723c751e8b465ee728b)
Start importing Assets/Objetos/Pavimento 1.jpg using Guid(740fef25c70bad64dafa88efd1f317fb) Importer(815301076,1909f56bfc062723c751e8b465ee728b)  -> (artifact id: '5af881d0cc6847be4323a98c68fcb0a2') in 0.523513 seconds
Number of updated asset objects reloaded before import = 0
Number of asset objects unloaded after import = 2
========================================================================
Received Import Request.
  Time since last request: 0.000069 seconds.
  path: Assets/Objetos/sala preside.obj
  artifactKey: Guid(c15af2635b4e1bf4195396e73546de8b) Importer(815301076,1909f56bfc062723c751e8b465ee728b)
Start importing Assets/Objetos/sala preside.obj using Guid(c15af2635b4e1bf4195396e73546de8b) Importer(815301076,1909f56bfc062723c751e8b465ee728b)  -> (artifact id: 'edeb7afc95e011354d0cc598a78dfe8f') in 14.489084 seconds
Number of updated asset objects reloaded before import = 0
Number of asset objects unloaded after import = 724
========================================================================
Received Import Request.
  Time since last request: 0.001834 seconds.
  path: Assets/Objetos/grass-free-texture.jpg
  artifactKey: Guid(5abdff8edb72ee74492e975b3b185632) Importer(815301076,1909f56bfc062723c751e8b465ee728b)
Start importing Assets/Objetos/grass-free-texture.jpg using Guid(5abdff8edb72ee74492e975b3b185632) Importer(815301076,1909f56bfc062723c751e8b465ee728b)  -> (artifact id: '9bb8a8dffd3ceef3f6426ebde750bd90') in 1.613660 seconds
Number of updated asset objects reloaded before import = 0
Number of asset objects unloaded after import = 2
========================================================================
Received Import Request.
  Time since last request: 0.000045 seconds.
  path: Assets/Objetos/bc2.jpg
  artifactKey: Guid(aae328dc36045174ba93c61ea88ede20) Importer(815301076,1909f56bfc062723c751e8b465ee728b)
Start importing Assets/Objetos/bc2.jpg using Guid(aae328dc36045174ba93c61ea88ede20) Importer(815301076,1909f56bfc062723c751e8b465ee728b)  -> (artifact id: '15366208f9d239b515934d5a99464d23') in 0.976399 seconds
Number of updated asset objects reloaded before import = 0
Number of asset objects unloaded after import = 2
========================================================================
Received Import Request.
  Time since last request: 0.001278 seconds.
  path: Assets/Objetos/H01.obj
  artifactKey: Guid(60899e19df14a554a831f3e7d21aa056) Importer(815301076,1909f56bfc062723c751e8b465ee728b)
Start importing Assets/Objetos/H01.obj using Guid(60899e19df14a554a831f3e7d21aa056) Importer(815301076,1909f56bfc062723c751e8b465ee728b)  -> (artifact id: '7515c6efed7f536fa623a5721401fba2') in 6.997543 seconds
Number of updated asset objects reloaded before import = 0
Number of asset objects unloaded after import = 436
========================================================================
Received Import Request.
  Time since last request: 0.000062 seconds.
  path: Assets/Objetos/Water_Po.jpg
  artifactKey: Guid(731802f3514a99d48af8bd8bb538261e) Importer(815301076,1909f56bfc062723c751e8b465ee728b)
Start importing Assets/Objetos/Water_Po.jpg using Guid(731802f3514a99d48af8bd8bb538261e) Importer(815301076,1909f56bfc062723c751e8b465ee728b)  -> (artifact id: '20a39ba03f9fdef05d7fc64ff35eed0c') in 0.634442 seconds
Number of updated asset objects reloaded before import = 0
Number of asset objects unloaded after import = 2
========================================================================
Received Import Request.
  Time since last request: 0.000219 seconds.
  path: Assets/Objetos/chain.obj
  artifactKey: Guid(b88229995909f5f478a9bd31b7f17192) Importer(815301076,1909f56bfc062723c751e8b465ee728b)
Start importing Assets/Objetos/chain.obj using Guid(b88229995909f5f478a9bd31b7f17192) Importer(815301076,1909f56bfc062723c751e8b465ee728b)  -> (artifact id: 'cad342de6f8470dfc125a18b271279e7') in 0.441912 seconds
Number of updated asset objects reloaded before import = 0
Number of asset objects unloaded after import = 10
========================================================================
Received Import Request.
  Time since last request: 0.000071 seconds.
  path: Assets/Objetos/Independent.obj
  artifactKey: Guid(1be20b8146654734c9a77d013a402c7c) Importer(815301076,1909f56bfc062723c751e8b465ee728b)
Start importing Assets/Objetos/Independent.obj using Guid(1be20b8146654734c9a77d013a402c7c) Importer(815301076,1909f56bfc062723c751e8b465ee728b)  -> (artifact id: '1134aeedb5ada1a7ce006a7c0d8d166c') in 0.778053 seconds
Number of updated asset objects reloaded before import = 0
Number of asset objects unloaded after import = 10
========================================================================
Received Import Request.
  Time since last request: 0.000054 seconds.
  path: Assets/Objetos/dream island.obj
  artifactKey: Guid(7250c20e45f6e7f4897e90dba75094b3) Importer(815301076,1909f56bfc062723c751e8b465ee728b)
Start importing Assets/Objetos/dream island.obj using Guid(7250c20e45f6e7f4897e90dba75094b3) Importer(815301076,1909f56bfc062723c751e8b465ee728b)  -> (artifact id: '152eb257e8a56fba2827f29db50d63ae') in 1.328319 seconds
Number of updated asset objects reloaded before import = 0
Number of asset objects unloaded after import = 16
========================================================================
Received Import Request.
  Time since last request: 0.000055 seconds.
  path: Assets/Objetos/Pavimento.bmp
  artifactKey: Guid(c635c3d5c851a1042ae0b85277615660) Importer(815301076,1909f56bfc062723c751e8b465ee728b)
Start importing Assets/Objetos/Pavimento.bmp using Guid(c635c3d5c851a1042ae0b85277615660) Importer(815301076,1909f56bfc062723c751e8b465ee728b)  -> (artifact id: '057c4ad356cd23fdc4d1a8e7fe23a616') in 0.161356 seconds
Number of updated asset objects reloaded before import = 0
Number of asset objects unloaded after import = 2
========================================================================
Received Import Request.
  Time since last request: 0.001158 seconds.
  path: Assets/Objetos/Bench_LowRes 1.obj
  artifactKey: Guid(30b49c23b7a0cd742810298a07858989) Importer(815301076,1909f56bfc062723c751e8b465ee728b)
Start importing Assets/Objetos/Bench_LowRes 1.obj using Guid(30b49c23b7a0cd742810298a07858989) Importer(815301076,1909f56bfc062723c751e8b465ee728b)  -> (artifact id: '156a5d69c7b398311d20d46121204010') in 0.463058 seconds
Number of updated asset objects reloaded before import = 0
Number of asset objects unloaded after import = 10
========================================================================
Received Import Request.
  Time since last request: 0.000240 seconds.
  path: Assets/Objetos/57.jpg
  artifactKey: Guid(a9de060c9e4be4244bd617530edf23d2) Importer(815301076,1909f56bfc062723c751e8b465ee728b)
Start importing Assets/Objetos/57.jpg using Guid(a9de060c9e4be4244bd617530edf23d2) Importer(815301076,1909f56bfc062723c751e8b465ee728b)  -> (artifact id: 'e1eef0a065632ca9c70b97eef2f491c8') in 0.317451 seconds
Number of updated asset objects reloaded before import = 0
Number of asset objects unloaded after import = 2
Editor requested this worker to shutdown with reason: Scaling down because of idle timeout
TcpMessagingSession - receive error: operation aborted. errorcode: 995, details: La operación de E/S se anuló por una salida de subproceso o por una solicitud de aplicación.
AssetImportWorker is now disconnected from the server
Process exiting
Exiting without the bug reporter. Application will terminate with return code 0