Using pre-set license
Built from '2022.3/staging' branch; Version is '2022.3.23f1 (dbb3f7c5b5c6) revision 14398455'; Using compiler version '192829333'; Build Type 'Release'
OS: 'Windows 10  (10.0.19045) 64bit Core' Language: 'es' Physical Memory: 3895 MB
BatchMode: 1, IsHumanControllingUs: 0, StartBugReporterOnCrash: 0, Is64bit: 1, IsPro: 1

COMMAND LINE ARGUMENTS:
C:\Program Files\Unity\Hub\Editor\2022.3.23f1\Editor\Unity.exe
-adb2
-batchMode
-noUpm
-name
AssetImportWorker0
-projectPath
E:/SENATI/proyecto unity/Proyecto3D
-logFile
Logs/AssetImportWorker0.log
-srvPort
61415
Successfully changed project path to: E:/SENATI/proyecto unity/Proyecto3D
E:/SENATI/proyecto unity/Proyecto3D
[UnityMemory] Configuration Parameters - Can be set up in boot.config
    "memorysetup-bucket-allocator-granularity=16"
    "memorysetup-bucket-allocator-bucket-count=8"
    "memorysetup-bucket-allocator-block-size=33554432"
    "memorysetup-bucket-allocator-block-count=8"
    "memorysetup-main-allocator-block-size=16777216"
    "memorysetup-thread-allocator-block-size=16777216"
    "memorysetup-gfx-main-allocator-block-size=16777216"
    "memorysetup-gfx-thread-allocator-block-size=16777216"
    "memorysetup-cache-allocator-block-size=4194304"
    "memorysetup-typetree-allocator-block-size=2097152"
    "memorysetup-profiler-bucket-allocator-granularity=16"
    "memorysetup-profiler-bucket-allocator-bucket-count=8"
    "memorysetup-profiler-bucket-allocator-block-size=33554432"
    "memorysetup-profiler-bucket-allocator-block-count=8"
    "memorysetup-profiler-allocator-block-size=16777216"
    "memorysetup-profiler-editor-allocator-block-size=1048576"
    "memorysetup-temp-allocator-size-main=16777216"
    "memorysetup-job-temp-allocator-block-size=2097152"
    "memorysetup-job-temp-allocator-block-size-background=1048576"
    "memorysetup-job-temp-allocator-reduction-small-platforms=262144"
    "memorysetup-allocator-temp-initial-block-size-main=262144"
    "memorysetup-allocator-temp-initial-block-size-worker=262144"
    "memorysetup-temp-allocator-size-background-worker=32768"
    "memorysetup-temp-allocator-size-job-worker=262144"
    "memorysetup-temp-allocator-size-preload-manager=33554432"
    "memorysetup-temp-allocator-size-nav-mesh-worker=65536"
    "memorysetup-temp-allocator-size-audio-worker=65536"
    "memorysetup-temp-allocator-size-cloud-worker=32768"
    "memorysetup-temp-allocator-size-gi-baking-worker=262144"
    "memorysetup-temp-allocator-size-gfx=262144"
Player connection [16512] Host "[IP] 192.168.1.4 [Port] 0 [Flags] 2 [Guid] 38177219 [EditorId] 38177219 [Version] 1048832 [Id] WindowsEditor(7,LAPTOP-R5V7G8NV) [Debug] 1 [PackageName] WindowsEditor [ProjectName] Editor" joined multi-casting on [225.0.0.222:54997]...

Player connection [16512] Host "[IP] 192.168.1.4 [Port] 0 [Flags] 2 [Guid] 38177219 [EditorId] 38177219 [Version] 1048832 [Id] WindowsEditor(7,LAPTOP-R5V7G8NV) [Debug] 1 [PackageName] WindowsEditor [ProjectName] Editor" joined alternative multi-casting on [225.0.0.222:34997]...

[Physics::Module] Initialized MultithreadedJobDispatcher with 3 workers.
Refreshing native plugins compatible for Editor in 469.55 ms, found 3 plugins.
Preloading 0 native plugins for Editor in 0.00 ms.
Initialize engine version: 2022.3.23f1 (dbb3f7c5b5c6)
[Subsystems] Discovering subsystems at path C:/Program Files/Unity/Hub/Editor/2022.3.23f1/Editor/Data/Resources/UnitySubsystems
[Subsystems] Discovering subsystems at path E:/SENATI/proyecto unity/Proyecto3D/Assets
GfxDevice: creating device client; threaded=0; jobified=0
Direct3D:
    Version:  Direct3D 11.0 [level 11.1]
    Renderer: Intel(R) UHD Graphics (ID=0x9a78)
    Vendor:   Intel
    VRAM:     1947 MB
    Driver:   30.0.101.1692
Initialize mono
Mono path[0] = 'C:/Program Files/Unity/Hub/Editor/2022.3.23f1/Editor/Data/Managed'
Mono path[1] = 'C:/Program Files/Unity/Hub/Editor/2022.3.23f1/Editor/Data/MonoBleedingEdge/lib/mono/unityjit-win32'
Mono config path = 'C:/Program Files/Unity/Hub/Editor/2022.3.23f1/Editor/Data/MonoBleedingEdge/etc'
Using monoOptions --debugger-agent=transport=dt_socket,embedding=1,server=y,suspend=n,address=127.0.0.1:56892
Begin MonoManager ReloadAssembly
Registering precompiled unity dll's ...
Register platform support module: C:/Program Files/Unity/Hub/Editor/2022.3.23f1/Editor/Data/PlaybackEngines/WebGLSupport/UnityEditor.WebGL.Extensions.dll
Register platform support module: C:/Program Files/Unity/Hub/Editor/2022.3.23f1/Editor/Data/PlaybackEngines/WindowsStandaloneSupport/UnityEditor.WindowsStandalone.Extensions.dll
Registered in 0.204887 seconds.
- Loaded All Assemblies, in  9.733 seconds
Native extension for WindowsStandalone target not found
Native extension for WebGL target not found
Mono: successfully reloaded assembly
- Finished resetting the current domain, in  3.975 seconds
Domain Reload Profiling: 13699ms
	BeginReloadAssembly (3887ms)
		ExecutionOrderSort (0ms)
		DisableScriptedObjects (0ms)
		BackupInstance (0ms)
		ReleaseScriptingObjects (0ms)
		CreateAndSetChildDomain (6ms)
	RebuildCommonClasses (707ms)
	RebuildNativeTypeToScriptingClass (372ms)
	initialDomainReloadingComplete (950ms)
	LoadAllAssembliesAndSetupDomain (3806ms)
		LoadAssemblies (3869ms)
		RebuildTransferFunctionScriptingTraits (0ms)
		AnalyzeDomain (3794ms)
			TypeCache.Refresh (3787ms)
				TypeCache.ScanAssembly (3679ms)
			ScanForSourceGeneratedMonoScriptInfo (1ms)
			ResolveRequiredComponents (3ms)
	FinalizeReload (3977ms)
		ReleaseScriptCaches (0ms)
		RebuildScriptCaches (0ms)
		SetupLoadedEditorAssemblies (3310ms)
			LogAssemblyErrors (0ms)
			InitializePlatformSupportModulesInManaged (42ms)
			SetLoadedEditorAssemblies (20ms)
			RefreshPlugins (0ms)
			BeforeProcessingInitializeOnLoad (15ms)
			ProcessInitializeOnLoadAttributes (3018ms)
			ProcessInitializeOnLoadMethodAttributes (215ms)
			AfterProcessingInitializeOnLoad (0ms)
			EditorAssembliesLoaded (0ms)
		ExecutionOrderSort2 (0ms)
		AwakeInstancesAfterBackupRestoration (0ms)
========================================================================
Worker process is ready to serve import requests
Begin MonoManager ReloadAssembly
- Loaded All Assemblies, in  8.231 seconds
Refreshing native plugins compatible for Editor in 11.88 ms, found 3 plugins.
Native extension for WindowsStandalone target not found
Native extension for WebGL target not found
Package Manager log level set to [2]
[Package Manager] Server::EnsureServerProcessIsRunning -- launch failed, reason: Unity was launched with the -noUpm command-line argument
[Package Manager] UpmClient::Send -- Unable to send message (not connected to UPM process).
[Package Manager] Cannot connect to Unity Package Manager local server
Mono: successfully reloaded assembly
- Finished resetting the current domain, in  3.689 seconds
Domain Reload Profiling: 12123ms
	BeginReloadAssembly (1185ms)
		ExecutionOrderSort (0ms)
		DisableScriptedObjects (37ms)
		BackupInstance (0ms)
		ReleaseScriptingObjects (17ms)
		CreateAndSetChildDomain (212ms)
	RebuildCommonClasses (240ms)
	RebuildNativeTypeToScriptingClass (54ms)
	initialDomainReloadingComplete (399ms)
	LoadAllAssembliesAndSetupDomain (6553ms)
		LoadAssemblies (3849ms)
		RebuildTransferFunctionScriptingTraits (0ms)
		AnalyzeDomain (1343ms)
			TypeCache.Refresh (1255ms)
				TypeCache.ScanAssembly (978ms)
			ScanForSourceGeneratedMonoScriptInfo (57ms)
			ResolveRequiredComponents (26ms)
	FinalizeReload (3693ms)
		ReleaseScriptCaches (0ms)
		RebuildScriptCaches (0ms)
		SetupLoadedEditorAssemblies (2550ms)
			LogAssemblyErrors (0ms)
			InitializePlatformSupportModulesInManaged (44ms)
			SetLoadedEditorAssemblies (11ms)
			RefreshPlugins (0ms)
			BeforeProcessingInitializeOnLoad (248ms)
			ProcessInitializeOnLoadAttributes (2102ms)
			ProcessInitializeOnLoadMethodAttributes (103ms)
			AfterProcessingInitializeOnLoad (40ms)
			EditorAssembliesLoaded (1ms)
		ExecutionOrderSort2 (0ms)
		AwakeInstancesAfterBackupRestoration (151ms)
Launched and connected shader compiler UnityShaderCompiler.exe after 0.26 seconds
Refreshing native plugins compatible for Editor in 16.66 ms, found 3 plugins.
Preloading 0 native plugins for Editor in 0.00 ms.
Unloading 3096 Unused Serialized files (Serialized files now loaded: 0)
Unloading 32 unused Assets / (57.3 KB). Loaded Objects now: 3567.
Memory consumption went from 125.0 MB to 125.0 MB.
Total: 164.285300 ms (FindLiveObjects: 1.851600 ms CreateObjectMapping: 0.555700 ms MarkObjects: 158.515200 ms  DeleteObjects: 3.361300 ms)

AssetImportParameters requested are different than current active one (requested -> active):
  custom:container-demuxer-ogg: 62fdf1f143b41e24485cea50d1cbac27 -> 
  custom:video-codec-MediaFoundation-h265: 746d11721c4dcdbdad8f713fa42b33f4 -> 
  custom:video-decoder-ogg-theora: a1e56fd34408186e4bbccfd4996cb3dc -> 
  custom:framework-win-MediaFoundation: 216162199b28c13a410421893ffa2e32 -> 
  custom:CustomObjectIndexerAttribute: 9a22284fe3817be447336de3de66b15e -> 
  custom:container-demuxer-webm: 4f35f7cbe854078d1ac9338744f61a02 -> 
  custom:container-muxer-webm: aa71ff27fc2769a1b78a27578f13a17b -> 
  custom:video-decoder-webm-vp8: 9c59270c3fd7afecdb556c50c9e8de78 -> 
  custom:SearchIndexIgnoredProperties: e643bd26f0fe6173181afceb89e7c659 -> 
  custom:AudioImporter_EditorPlatform: d09bf68614088b80899f8185d706f6e7 -> 
  custom:video-encoder-webm-vp8: eb34c28f22e8b96e1ab97ce403110664 -> 
  custom:audio-decoder-ogg-vorbis: bf7c407c2cedff20999df2af8eb42d56 -> 
  custom:audio-encoder-webm-vorbis: bf7c407c2cedff20999df2af8eb42d56 -> 
========================================================================
Received Import Request.
  Time since last request: 15040.068877 seconds.
  path: Assets/Objetos
  artifactKey: Guid(609e3dbd55ea81043b98e0f5004d92fa) Importer(815301076,1909f56bfc062723c751e8b465ee728b)
Start importing Assets/Objetos using Guid(609e3dbd55ea81043b98e0f5004d92fa) Importer(815301076,1909f56bfc062723c751e8b465ee728b)  -> (artifact id: '77e76508a3b8fba98395e143647a3fa0') in 2.856789 seconds
Number of updated asset objects reloaded before import = 0
Number of asset objects unloaded after import = 0
========================================================================
Received Import Request.
  Time since last request: 2.156776 seconds.
  path: Assets/Objetos/Bench_HighRes.obj
  artifactKey: Guid(b9bb792ebf497be4d9abfe722d31eff2) Importer(815301076,1909f56bfc062723c751e8b465ee728b)
Start importing Assets/Objetos/Bench_HighRes.obj using Guid(b9bb792ebf497be4d9abfe722d31eff2) Importer(815301076,1909f56bfc062723c751e8b465ee728b)  -> (artifact id: 'b67470428477438013ec7dacad3d7175') in 7.218651 seconds
Number of updated asset objects reloaded before import = 0
Number of asset objects unloaded after import = 10
========================================================================
Received Import Request.
  Time since last request: 354.923538 seconds.
  path: Assets/Material/Material 1.mat
  artifactKey: Guid(514b62adec8a9864885b1524091205b7) Importer(815301076,1909f56bfc062723c751e8b465ee728b)
Start importing Assets/Material/Material 1.mat using Guid(514b62adec8a9864885b1524091205b7) Importer(815301076,1909f56bfc062723c751e8b465ee728b)  -> (artifact id: 'a6832d01dca5eaf17ea53bc959112d67') in 0.630540 seconds
Number of updated asset objects reloaded before import = 0
Number of asset objects unloaded after import = 1
========================================================================
Received Import Request.
  Time since last request: 0.000564 seconds.
  path: Assets/Material/Material 4.mat
  artifactKey: Guid(759a8a5daf7d94e408b09bb7d9fbe149) Importer(815301076,1909f56bfc062723c751e8b465ee728b)
Start importing Assets/Material/Material 4.mat using Guid(759a8a5daf7d94e408b09bb7d9fbe149) Importer(815301076,1909f56bfc062723c751e8b465ee728b)  -> (artifact id: 'bdd705deb6b30b2b18f004e0f15847b3') in 0.263504 seconds
Number of updated asset objects reloaded before import = 0
Number of asset objects unloaded after import = 1
========================================================================
Received Prepare
Begin MonoManager ReloadAssembly
- Loaded All Assemblies, in  9.649 seconds
Refreshing native plugins compatible for Editor in 143.32 ms, found 3 plugins.
Native extension for WindowsStandalone target not found
Native extension for WebGL target not found
[Package Manager] Server::EnsureServerProcessIsRunning -- launch failed, reason: Unity was launched with the -noUpm command-line argument
[Package Manager] UpmClient::Send -- Unable to send message (not connected to UPM process).
[Package Manager] Cannot connect to Unity Package Manager local server
Mono: successfully reloaded assembly
- Finished resetting the current domain, in 33.496 seconds
Domain Reload Profiling: 43148ms
	BeginReloadAssembly (4886ms)
		ExecutionOrderSort (1ms)
		DisableScriptedObjects (55ms)
		BackupInstance (0ms)
		ReleaseScriptingObjects (1ms)
		CreateAndSetChildDomain (2592ms)
	RebuildCommonClasses (222ms)
	RebuildNativeTypeToScriptingClass (25ms)
	initialDomainReloadingComplete (316ms)
	LoadAllAssembliesAndSetupDomain (4199ms)
		LoadAssemblies (5359ms)
		RebuildTransferFunctionScriptingTraits (0ms)
		AnalyzeDomain (121ms)
			TypeCache.Refresh (91ms)
				TypeCache.ScanAssembly (0ms)
			ScanForSourceGeneratedMonoScriptInfo (3ms)
			ResolveRequiredComponents (25ms)
	FinalizeReload (33499ms)
		ReleaseScriptCaches (0ms)
		RebuildScriptCaches (0ms)
		SetupLoadedEditorAssemblies (1423ms)
			LogAssemblyErrors (0ms)
			InitializePlatformSupportModulesInManaged (25ms)
			SetLoadedEditorAssemblies (13ms)
			RefreshPlugins (0ms)
			BeforeProcessingInitializeOnLoad (446ms)
			ProcessInitializeOnLoadAttributes (884ms)
			ProcessInitializeOnLoadMethodAttributes (43ms)
			AfterProcessingInitializeOnLoad (11ms)
			EditorAssembliesLoaded (1ms)
		ExecutionOrderSort2 (0ms)
		AwakeInstancesAfterBackupRestoration (13ms)
Refreshing native plugins compatible for Editor in 28.59 ms, found 3 plugins.
Preloading 0 native plugins for Editor in 0.00 ms.
Unloading 3088 Unused Serialized files (Serialized files now loaded: 0)
Unloading 23 unused Assets / (31.0 KB). Loaded Objects now: 3614.
Memory consumption went from 130.6 MB to 130.6 MB.
Total: 11.534000 ms (FindLiveObjects: 1.300900 ms CreateObjectMapping: 0.170200 ms MarkObjects: 9.729800 ms  DeleteObjects: 0.330600 ms)

Prepare: number of updated asset objects reloaded= 0
AssetImportParameters requested are different than current active one (requested -> active):
  custom:container-demuxer-ogg: 62fdf1f143b41e24485cea50d1cbac27 -> 
  custom:video-codec-MediaFoundation-h265: 746d11721c4dcdbdad8f713fa42b33f4 -> 
  custom:video-decoder-ogg-theora: a1e56fd34408186e4bbccfd4996cb3dc -> 
  custom:framework-win-MediaFoundation: 216162199b28c13a410421893ffa2e32 -> 
  custom:CustomObjectIndexerAttribute: 9a22284fe3817be447336de3de66b15e -> 
  custom:container-demuxer-webm: 4f35f7cbe854078d1ac9338744f61a02 -> 
  custom:container-muxer-webm: aa71ff27fc2769a1b78a27578f13a17b -> 
  custom:video-decoder-webm-vp8: 9c59270c3fd7afecdb556c50c9e8de78 -> 
  custom:SearchIndexIgnoredProperties: e643bd26f0fe6173181afceb89e7c659 -> 
  custom:AudioImporter_EditorPlatform: d09bf68614088b80899f8185d706f6e7 -> 
  custom:video-encoder-webm-vp8: eb34c28f22e8b96e1ab97ce403110664 -> 
  custom:audio-decoder-ogg-vorbis: bf7c407c2cedff20999df2af8eb42d56 -> 
  custom:audio-encoder-webm-vorbis: bf7c407c2cedff20999df2af8eb42d56 -> 
========================================================================
Received Import Request.
  Time since last request: 2066.122862 seconds.
  path: Assets/Objetos/2.obj
  artifactKey: Guid(11d8f094544733e40b25543d35ebf5d1) Importer(815301076,1909f56bfc062723c751e8b465ee728b)
Start importing Assets/Objetos/2.obj using Guid(11d8f094544733e40b25543d35ebf5d1) Importer(815301076,1909f56bfc062723c751e8b465ee728b)  -> (artifact id: '58f5ecb19be7401794b58574c872d380') in 4.292672 seconds
Number of updated asset objects reloaded before import = 0
Number of asset objects unloaded after import = 10
========================================================================
Received Import Request.
  Time since last request: 0.000447 seconds.
  path: Assets/Objetos/_Translu.jpg
  artifactKey: Guid(e919851b064125941a0926e1cc175d05) Importer(815301076,1909f56bfc062723c751e8b465ee728b)
Start importing Assets/Objetos/_Translu.jpg using Guid(e919851b064125941a0926e1cc175d05) Importer(815301076,1909f56bfc062723c751e8b465ee728b)  -> (artifact id: '2ef2b2ac59c622b7992d1914ae7ecbde') in 0.132934 seconds
Number of updated asset objects reloaded before import = 0
Number of asset objects unloaded after import = 2
========================================================================
Received Import Request.
  Time since last request: 0.033815 seconds.
  path: Assets/Objetos/Curvedtel.obj
  artifactKey: Guid(b676c1597e13a754fa62c529cbedfa7f) Importer(815301076,1909f56bfc062723c751e8b465ee728b)
Start importing Assets/Objetos/Curvedtel.obj using Guid(b676c1597e13a754fa62c529cbedfa7f) Importer(815301076,1909f56bfc062723c751e8b465ee728b)  -> (artifact id: '281a79b00f56d5661ed422d1270e17ee') in 0.596824 seconds
Number of updated asset objects reloaded before import = 0
Number of asset objects unloaded after import = 22
========================================================================
Received Import Request.
  Time since last request: 0.000097 seconds.
  path: Assets/Objetos/bc1.jpg
  artifactKey: Guid(47ed806f0d0d78d4d8df65f84a3c370c) Importer(815301076,1909f56bfc062723c751e8b465ee728b)
Start importing Assets/Objetos/bc1.jpg using Guid(47ed806f0d0d78d4d8df65f84a3c370c) Importer(815301076,1909f56bfc062723c751e8b465ee728b)  -> (artifact id: '409c96a8a9b656e63372a3c0b36b23af') in 0.341513 seconds
Number of updated asset objects reloaded before import = 0
Number of asset objects unloaded after import = 2
========================================================================
Received Import Request.
  Time since last request: 0.000142 seconds.
  path: Assets/Objetos/Mensa.obj
  artifactKey: Guid(e9ea667ca5fa5674d8b146bb94af3c44) Importer(815301076,1909f56bfc062723c751e8b465ee728b)
Start importing Assets/Objetos/Mensa.obj using Guid(e9ea667ca5fa5674d8b146bb94af3c44) Importer(815301076,1909f56bfc062723c751e8b465ee728b)  -> (artifact id: '82b4ef3fc00466f24aef315f9d78ccd0') in 21.038782 seconds
Number of updated asset objects reloaded before import = 0
Number of asset objects unloaded after import = 2602
========================================================================
Received Import Request.
  Time since last request: 0.001062 seconds.
  path: Assets/Objetos/Building.fbx
  artifactKey: Guid(efae812130b53d04c824f423db091dc0) Importer(815301076,1909f56bfc062723c751e8b465ee728b)
Start importing Assets/Objetos/Building.fbx using Guid(efae812130b53d04c824f423db091dc0) Importer(815301076,1909f56bfc062723c751e8b465ee728b)  -> (artifact id: 'e19e810ad4be793fcc5684da119380e9') in 7.135364 seconds
Number of updated asset objects reloaded before import = 0
Number of asset objects unloaded after import = 592
========================================================================
Received Import Request.
  Time since last request: 0.000069 seconds.
  path: Assets/Objetos/Bench_HighRes 1.obj
  artifactKey: Guid(a421809ee1782904fa2138cfec78a081) Importer(815301076,1909f56bfc062723c751e8b465ee728b)
Start importing Assets/Objetos/Bench_HighRes 1.obj using Guid(a421809ee1782904fa2138cfec78a081) Importer(815301076,1909f56bfc062723c751e8b465ee728b)  -> (artifact id: '6a6343c2ac0b71fc75c1d8e3cf6caf66') in 0.638502 seconds
Number of updated asset objects reloaded before import = 0
Number of asset objects unloaded after import = 10
========================================================================
Received Import Request.
  Time since last request: 0.000046 seconds.
  path: Assets/Objetos/bagno.obj
  artifactKey: Guid(8e0a644c48d9ff14f9139c8dd3953e4a) Importer(815301076,1909f56bfc062723c751e8b465ee728b)
Start importing Assets/Objetos/bagno.obj using Guid(8e0a644c48d9ff14f9139c8dd3953e4a) Importer(815301076,1909f56bfc062723c751e8b465ee728b)  -> (artifact id: '0b7ffacb9b74b115caab148c2e4722cb') in 4.462769 seconds
Number of updated asset objects reloaded before import = 0
Number of asset objects unloaded after import = 736
