Using pre-set license
Built from '2022.3/staging' branch; Version is '2022.3.23f1 (dbb3f7c5b5c6) revision 14398455'; Using compiler version '192829333'; Build Type 'Release'
OS: 'Windows 10  (10.0.19045) 64bit Core' Language: 'es' Physical Memory: 3895 MB
BatchMode: 1, IsHumanControllingUs: 0, StartBugReporterOnCrash: 0, Is64bit: 1, IsPro: 1

COMMAND LINE ARGUMENTS:
C:\Program Files\Unity\Hub\Editor\2022.3.23f1\Editor\Unity.exe
-adb2
-batchMode
-noUpm
-name
AssetImportWorker1
-projectPath
E:/SENATI/proyecto unity/Proyecto3D
-logFile
Logs/AssetImportWorker1.log
-srvPort
50057
Successfully changed project path to: E:/SENATI/proyecto unity/Proyecto3D
E:/SENATI/proyecto unity/Proyecto3D
[UnityMemory] Configuration Parameters - Can be set up in boot.config
    "memorysetup-bucket-allocator-granularity=16"
    "memorysetup-bucket-allocator-bucket-count=8"
    "memorysetup-bucket-allocator-block-size=33554432"
    "memorysetup-bucket-allocator-block-count=8"
    "memorysetup-main-allocator-block-size=16777216"
    "memorysetup-thread-allocator-block-size=16777216"
    "memorysetup-gfx-main-allocator-block-size=16777216"
    "memorysetup-gfx-thread-allocator-block-size=16777216"
    "memorysetup-cache-allocator-block-size=4194304"
    "memorysetup-typetree-allocator-block-size=2097152"
    "memorysetup-profiler-bucket-allocator-granularity=16"
    "memorysetup-profiler-bucket-allocator-bucket-count=8"
    "memorysetup-profiler-bucket-allocator-block-size=33554432"
    "memorysetup-profiler-bucket-allocator-block-count=8"
    "memorysetup-profiler-allocator-block-size=16777216"
    "memorysetup-profiler-editor-allocator-block-size=1048576"
    "memorysetup-temp-allocator-size-main=16777216"
    "memorysetup-job-temp-allocator-block-size=2097152"
    "memorysetup-job-temp-allocator-block-size-background=1048576"
    "memorysetup-job-temp-allocator-reduction-small-platforms=262144"
    "memorysetup-allocator-temp-initial-block-size-main=262144"
    "memorysetup-allocator-temp-initial-block-size-worker=262144"
    "memorysetup-temp-allocator-size-background-worker=32768"
    "memorysetup-temp-allocator-size-job-worker=262144"
    "memorysetup-temp-allocator-size-preload-manager=33554432"
    "memorysetup-temp-allocator-size-nav-mesh-worker=65536"
    "memorysetup-temp-allocator-size-audio-worker=65536"
    "memorysetup-temp-allocator-size-cloud-worker=32768"
    "memorysetup-temp-allocator-size-gi-baking-worker=262144"
    "memorysetup-temp-allocator-size-gfx=262144"
Player connection [13800] Host "[IP] 192.168.1.4 [Port] 0 [Flags] 2 [Guid] 3710254869 [EditorId] 3710254869 [Version] 1048832 [Id] WindowsEditor(7,LAPTOP-R5V7G8NV) [Debug] 1 [PackageName] WindowsEditor [ProjectName] Editor" joined multi-casting on [225.0.0.222:54997]...

Player connection [13800] Host "[IP] 192.168.1.4 [Port] 0 [Flags] 2 [Guid] 3710254869 [EditorId] 3710254869 [Version] 1048832 [Id] WindowsEditor(7,LAPTOP-R5V7G8NV) [Debug] 1 [PackageName] WindowsEditor [ProjectName] Editor" joined alternative multi-casting on [225.0.0.222:34997]...

[Physics::Module] Initialized MultithreadedJobDispatcher with 3 workers.
Refreshing native plugins compatible for Editor in 585.56 ms, found 3 plugins.
Preloading 0 native plugins for Editor in 0.00 ms.
Initialize engine version: 2022.3.23f1 (dbb3f7c5b5c6)
[Subsystems] Discovering subsystems at path C:/Program Files/Unity/Hub/Editor/2022.3.23f1/Editor/Data/Resources/UnitySubsystems
[Subsystems] Discovering subsystems at path E:/SENATI/proyecto unity/Proyecto3D/Assets
GfxDevice: creating device client; threaded=0; jobified=0
Direct3D:
    Version:  Direct3D 11.0 [level 11.1]
    Renderer: Intel(R) UHD Graphics (ID=0x9a78)
    Vendor:   Intel
    VRAM:     1947 MB
    Driver:   30.0.101.1692
Initialize mono
Mono path[0] = 'C:/Program Files/Unity/Hub/Editor/2022.3.23f1/Editor/Data/Managed'
Mono path[1] = 'C:/Program Files/Unity/Hub/Editor/2022.3.23f1/Editor/Data/MonoBleedingEdge/lib/mono/unityjit-win32'
Mono config path = 'C:/Program Files/Unity/Hub/Editor/2022.3.23f1/Editor/Data/MonoBleedingEdge/etc'
Using monoOptions --debugger-agent=transport=dt_socket,embedding=1,server=y,suspend=n,address=127.0.0.1:56852
Begin MonoManager ReloadAssembly
Registering precompiled unity dll's ...
Register platform support module: C:/Program Files/Unity/Hub/Editor/2022.3.23f1/Editor/Data/PlaybackEngines/WebGLSupport/UnityEditor.WebGL.Extensions.dll
Register platform support module: C:/Program Files/Unity/Hub/Editor/2022.3.23f1/Editor/Data/PlaybackEngines/WindowsStandaloneSupport/UnityEditor.WindowsStandalone.Extensions.dll
Registered in 0.033389 seconds.
- Loaded All Assemblies, in  2.372 seconds
Native extension for WindowsStandalone target not found
Native extension for WebGL target not found
Mono: successfully reloaded assembly
- Finished resetting the current domain, in  2.084 seconds
Domain Reload Profiling: 4448ms
	BeginReloadAssembly (699ms)
		ExecutionOrderSort (0ms)
		DisableScriptedObjects (0ms)
		BackupInstance (0ms)
		ReleaseScriptingObjects (0ms)
		CreateAndSetChildDomain (13ms)
	RebuildCommonClasses (144ms)
	RebuildNativeTypeToScriptingClass (75ms)
	initialDomainReloadingComplete (463ms)
	LoadAllAssembliesAndSetupDomain (982ms)
		LoadAssemblies (671ms)
		RebuildTransferFunctionScriptingTraits (0ms)
		AnalyzeDomain (968ms)
			TypeCache.Refresh (960ms)
				TypeCache.ScanAssembly (901ms)
			ScanForSourceGeneratedMonoScriptInfo (3ms)
			ResolveRequiredComponents (3ms)
	FinalizeReload (2086ms)
		ReleaseScriptCaches (0ms)
		RebuildScriptCaches (0ms)
		SetupLoadedEditorAssemblies (1559ms)
			LogAssemblyErrors (0ms)
			InitializePlatformSupportModulesInManaged (51ms)
			SetLoadedEditorAssemblies (83ms)
			RefreshPlugins (0ms)
			BeforeProcessingInitializeOnLoad (91ms)
			ProcessInitializeOnLoadAttributes (1048ms)
			ProcessInitializeOnLoadMethodAttributes (286ms)
			AfterProcessingInitializeOnLoad (0ms)
			EditorAssembliesLoaded (1ms)
		ExecutionOrderSort2 (0ms)
		AwakeInstancesAfterBackupRestoration (0ms)
========================================================================
Worker process is ready to serve import requests
Begin MonoManager ReloadAssembly
- Loaded All Assemblies, in  7.646 seconds
Refreshing native plugins compatible for Editor in 46.36 ms, found 3 plugins.
Native extension for WindowsStandalone target not found
Native extension for WebGL target not found
Package Manager log level set to [2]
[Package Manager] Server::EnsureServerProcessIsRunning -- launch failed, reason: Unity was launched with the -noUpm command-line argument
[Package Manager] UpmClient::Send -- Unable to send message (not connected to UPM process).
[Package Manager] Cannot connect to Unity Package Manager local server
Mono: successfully reloaded assembly
- Finished resetting the current domain, in  3.716 seconds
Domain Reload Profiling: 11345ms
	BeginReloadAssembly (1091ms)
		ExecutionOrderSort (0ms)
		DisableScriptedObjects (23ms)
		BackupInstance (0ms)
		ReleaseScriptingObjects (2ms)
		CreateAndSetChildDomain (109ms)
	RebuildCommonClasses (194ms)
	RebuildNativeTypeToScriptingClass (36ms)
	initialDomainReloadingComplete (211ms)
	LoadAllAssembliesAndSetupDomain (6091ms)
		LoadAssemblies (4743ms)
		RebuildTransferFunctionScriptingTraits (0ms)
		AnalyzeDomain (2125ms)
			TypeCache.Refresh (2070ms)
				TypeCache.ScanAssembly (1880ms)
			ScanForSourceGeneratedMonoScriptInfo (38ms)
			ResolveRequiredComponents (14ms)
	FinalizeReload (3722ms)
		ReleaseScriptCaches (0ms)
		RebuildScriptCaches (0ms)
		SetupLoadedEditorAssemblies (2585ms)
			LogAssemblyErrors (0ms)
			InitializePlatformSupportModulesInManaged (60ms)
			SetLoadedEditorAssemblies (15ms)
			RefreshPlugins (0ms)
			BeforeProcessingInitializeOnLoad (285ms)
			ProcessInitializeOnLoadAttributes (2119ms)
			ProcessInitializeOnLoadMethodAttributes (79ms)
			AfterProcessingInitializeOnLoad (23ms)
			EditorAssembliesLoaded (4ms)
		ExecutionOrderSort2 (0ms)
		AwakeInstancesAfterBackupRestoration (27ms)
Launched and connected shader compiler UnityShaderCompiler.exe after 0.40 seconds
Refreshing native plugins compatible for Editor in 13.49 ms, found 3 plugins.
Preloading 0 native plugins for Editor in 0.00 ms.
Unloading 3096 Unused Serialized files (Serialized files now loaded: 0)
Unloading 32 unused Assets / (57.0 KB). Loaded Objects now: 3567.
Memory consumption went from 125.0 MB to 124.9 MB.
Total: 14.436300 ms (FindLiveObjects: 1.211200 ms CreateObjectMapping: 0.555000 ms MarkObjects: 8.608300 ms  DeleteObjects: 4.059000 ms)

AssetImportParameters requested are different than current active one (requested -> active):
  custom:container-demuxer-ogg: 62fdf1f143b41e24485cea50d1cbac27 -> 
  custom:video-codec-MediaFoundation-h265: 746d11721c4dcdbdad8f713fa42b33f4 -> 
  custom:video-decoder-ogg-theora: a1e56fd34408186e4bbccfd4996cb3dc -> 
  custom:framework-win-MediaFoundation: 216162199b28c13a410421893ffa2e32 -> 
  custom:CustomObjectIndexerAttribute: 9a22284fe3817be447336de3de66b15e -> 
  custom:container-demuxer-webm: 4f35f7cbe854078d1ac9338744f61a02 -> 
  custom:container-muxer-webm: aa71ff27fc2769a1b78a27578f13a17b -> 
  custom:video-decoder-webm-vp8: 9c59270c3fd7afecdb556c50c9e8de78 -> 
  custom:SearchIndexIgnoredProperties: e643bd26f0fe6173181afceb89e7c659 -> 
  custom:AudioImporter_EditorPlatform: d09bf68614088b80899f8185d706f6e7 -> 
  custom:video-encoder-webm-vp8: eb34c28f22e8b96e1ab97ce403110664 -> 
  custom:audio-decoder-ogg-vorbis: bf7c407c2cedff20999df2af8eb42d56 -> 
  custom:audio-encoder-webm-vorbis: bf7c407c2cedff20999df2af8eb42d56 -> 
========================================================================
Received Import Request.
  Time since last request: 3808.077614 seconds.
  path: Assets/Objetos/Materials/57.mat
  artifactKey: Guid(7f9ba95d8fdf73d4dbd57b7a9a832a6e) Importer(815301076,1909f56bfc062723c751e8b465ee728b)
Start importing Assets/Objetos/Materials/57.mat using Guid(7f9ba95d8fdf73d4dbd57b7a9a832a6e) Importer(815301076,1909f56bfc062723c751e8b465ee728b)  -> (artifact id: 'd53bbb213bafdcd9882f2a8b4685803d') in 1.465436 seconds
Number of updated asset objects reloaded before import = 0
Number of asset objects unloaded after import = 2
========================================================================
Received Import Request.
  Time since last request: 0.000083 seconds.
  path: Assets/Objetos/Materials/Large House.mat
  artifactKey: Guid(310db8ee2c835a94cb3fb9eb33ec7844) Importer(815301076,1909f56bfc062723c751e8b465ee728b)
Start importing Assets/Objetos/Materials/Large House.mat using Guid(310db8ee2c835a94cb3fb9eb33ec7844) Importer(815301076,1909f56bfc062723c751e8b465ee728b)  -> (artifact id: 'aba525e937a4d2a2989a726fd740f991') in 0.252069 seconds
Number of updated asset objects reloaded before import = 0
Number of asset objects unloaded after import = 2
========================================================================
Received Import Request.
  Time since last request: 0.001518 seconds.
  path: Assets/Objetos/Materials/grass-free-texture.mat
  artifactKey: Guid(22c4c442341ad524cb5d9d523e73e270) Importer(815301076,1909f56bfc062723c751e8b465ee728b)
Start importing Assets/Objetos/Materials/grass-free-texture.mat using Guid(22c4c442341ad524cb5d9d523e73e270) Importer(815301076,1909f56bfc062723c751e8b465ee728b)  -> (artifact id: 'df2d37f459861105f4a7984761d9a4b9') in 0.248215 seconds
Number of updated asset objects reloaded before import = 0
Number of asset objects unloaded after import = 2
========================================================================
Received Import Request.
  Time since last request: 6.057931 seconds.
  path: Assets/Objetos/maps/Doc4b2.jpg
  artifactKey: Guid(2092731d720d6574db761413d283d07a) Importer(815301076,1909f56bfc062723c751e8b465ee728b)
Start importing Assets/Objetos/maps/Doc4b2.jpg using Guid(2092731d720d6574db761413d283d07a) Importer(815301076,1909f56bfc062723c751e8b465ee728b)  -> (artifact id: 'aad89d8096f1a0112a34427b456c7ee3') in 0.230082 seconds
Number of updated asset objects reloaded before import = 0
Number of asset objects unloaded after import = 2
========================================================================
Received Import Request.
  Time since last request: 0.000069 seconds.
  path: Assets/Objetos/maps/metal-diff.jpg
  artifactKey: Guid(00185c657c5308544a2406c947b08c16) Importer(815301076,1909f56bfc062723c751e8b465ee728b)
Start importing Assets/Objetos/maps/metal-diff.jpg using Guid(00185c657c5308544a2406c947b08c16) Importer(815301076,1909f56bfc062723c751e8b465ee728b)  -> (artifact id: '6c66cf5b72908b9b0ed9437db821ae4a') in 0.141041 seconds
Number of updated asset objects reloaded before import = 0
Number of asset objects unloaded after import = 2
========================================================================
Received Import Request.
  Time since last request: 0.000116 seconds.
  path: Assets/Objetos/maps/wood.jpg
  artifactKey: Guid(ebcdba0b886f1d64196527534ed11d3a) Importer(815301076,1909f56bfc062723c751e8b465ee728b)
Start importing Assets/Objetos/maps/wood.jpg using Guid(ebcdba0b886f1d64196527534ed11d3a) Importer(815301076,1909f56bfc062723c751e8b465ee728b)  -> (artifact id: '19d69a27a419cf107db67b585eeadff8') in 0.183219 seconds
Number of updated asset objects reloaded before import = 0
Number of asset objects unloaded after import = 2
========================================================================
Received Import Request.
  Time since last request: 0.013126 seconds.
  path: Assets/Objetos/maps/wpc-bej color.jpg
  artifactKey: Guid(9d7f97585791ebc4fb68685e31557f4d) Importer(815301076,1909f56bfc062723c751e8b465ee728b)
Start importing Assets/Objetos/maps/wpc-bej color.jpg using Guid(9d7f97585791ebc4fb68685e31557f4d) Importer(815301076,1909f56bfc062723c751e8b465ee728b)  -> (artifact id: '81959a6723fecb86e4e38628523ba3c8') in 0.130534 seconds
Number of updated asset objects reloaded before import = 0
Number of asset objects unloaded after import = 2
========================================================================
Received Import Request.
  Time since last request: 0.000411 seconds.
  path: Assets/Objetos/maps/Terrain 1_mtl1_ambicol.jpg
  artifactKey: Guid(3c89328ac00d70548829f76c296e4a94) Importer(815301076,1909f56bfc062723c751e8b465ee728b)
Start importing Assets/Objetos/maps/Terrain 1_mtl1_ambicol.jpg using Guid(3c89328ac00d70548829f76c296e4a94) Importer(815301076,1909f56bfc062723c751e8b465ee728b)  -> (artifact id: '701bd5c91bdaa2ec77b35afd91014ddb') in 0.082546 seconds
Number of updated asset objects reloaded before import = 0
Number of asset objects unloaded after import = 2
Editor requested this worker to shutdown with reason: Scaling down because of idle timeout
TcpMessagingSession - receive error: operation aborted. errorcode: 995, details: La operación de E/S se anuló por una salida de subproceso o por una solicitud de aplicación.
AssetImportWorker is now disconnected from the server
Process exiting
Exiting without the bug reporter. Application will terminate with return code 0